[INFO] Scanning for projects...
[INFO] 
[INFO] -----------------< com.hostelflow:hostelflow-backend >------------------
[INFO] Building HostelFlow AI Backend 1.0.0
[INFO]   from pom.xml
[INFO] --------------------------------[ jar ]---------------------------------
[INFO] 
[INFO] >>> spring-boot:3.2.0:run (default-cli) > test-compile @ hostelflow-backend >>>
[INFO] 
[INFO] --- resources:3.3.1:resources (default-resources) @ hostelflow-backend ---
[INFO] Copying 1 resource from src/main/resources to target/classes
[INFO] Copying 0 resource from src/main/resources to target/classes
[INFO] 
[INFO] --- compiler:3.11.0:compile (default-compile) @ hostelflow-backend ---
[INFO] Nothing to compile - all classes are up to date
[INFO] 
[INFO] --- resources:3.3.1:testResources (default-testResources) @ hostelflow-backend ---
[INFO] skip non existing resourceDirectory /Users/anshupranshu/Desktop/HostelFlow AI/backend/src/test/resources
[INFO] 
[INFO] --- compiler:3.11.0:testCompile (default-testCompile) @ hostelflow-backend ---
[INFO] No sources to compile
[INFO] 
[INFO] <<< spring-boot:3.2.0:run (default-cli) < test-compile @ hostelflow-backend <<<
[INFO] 
[INFO] 
[INFO] --- spring-boot:3.2.0:run (default-cli) @ hostelflow-backend ---
[INFO] Attaching agents: []

  .   ____          _            __ _ _
 /\\ / ___'_ __ _ _(_)_ __  __ _ \ \ \ \
( ( )\___ | '_ | '_| | '_ \/ _` | \ \ \ \
 \\/  ___)| |_)| | | | | || (_| |  ) ) ) )
  '  |____| .__|_| |_|_| |_\__, | / / / /
 =========|_|==============|___/=/_/_/_/
 :: Spring Boot ::                (v3.2.0)

2026-04-01T23:43:31.499+05:30  INFO 43900 --- [hostelflow-backend] [  restartedMain] com.hostelflow.HostelFlowApplication     : Starting HostelFlowApplication using Java 17.0.8 with PID 43900 (/Users/anshupranshu/Desktop/HostelFlow AI/backend/target/classes started by anshupranshu in /Users/anshupranshu/Desktop/HostelFlow AI/backend)
2026-04-01T23:43:31.501+05:30 DEBUG 43900 --- [hostelflow-backend] [  restartedMain] com.hostelflow.HostelFlowApplication     : Running with Spring Boot v3.2.0, Spring v6.1.1
2026-04-01T23:43:31.501+05:30  INFO 43900 --- [hostelflow-backend] [  restartedMain] com.hostelflow.HostelFlowApplication     : No active profile set, falling back to 1 default profile: "default"
2026-04-01T23:43:31.528+05:30  INFO 43900 --- [hostelflow-backend] [  restartedMain] .e.DevToolsPropertyDefaultsPostProcessor : Devtools property defaults active! Set 'spring.devtools.add-properties' to 'false' to disable
2026-04-01T23:43:31.528+05:30  INFO 43900 --- [hostelflow-backend] [  restartedMain] .e.DevToolsPropertyDefaultsPostProcessor : For additional web related logging consider setting the 'logging.level.web' property to 'DEBUG'
2026-04-01T23:43:31.887+05:30  INFO 43900 --- [hostelflow-backend] [  restartedMain] .s.d.r.c.RepositoryConfigurationDelegate : Bootstrapping Spring Data MongoDB repositories in DEFAULT mode.
2026-04-01T23:43:31.971+05:30  INFO 43900 --- [hostelflow-backend] [  restartedMain] .s.d.r.c.RepositoryConfigurationDelegate : Finished Spring Data repository scanning in 81 ms. Found 3 MongoDB repository interfaces.
2026-04-01T23:43:32.284+05:30  INFO 43900 --- [hostelflow-backend] [  restartedMain] o.s.b.w.embedded.tomcat.TomcatWebServer  : Tomcat initialized with port 8080 (http)
2026-04-01T23:43:32.290+05:30  INFO 43900 --- [hostelflow-backend] [  restartedMain] o.apache.catalina.core.StandardService   : Starting service [Tomcat]
2026-04-01T23:43:32.290+05:30  INFO 43900 --- [hostelflow-backend] [  restartedMain] o.apache.catalina.core.StandardEngine    : Starting Servlet engine: [Apache Tomcat/10.1.16]
2026-04-01T23:43:32.313+05:30  INFO 43900 --- [hostelflow-backend] [  restartedMain] o.a.c.c.C.[Tomcat].[localhost].[/]       : Initializing Spring embedded WebApplicationContext
2026-04-01T23:43:32.314+05:30  INFO 43900 --- [hostelflow-backend] [  restartedMain] w.s.c.ServletWebServerApplicationContext : Root WebApplicationContext: initialization completed in 785 ms
2026-04-01T23:43:32.397+05:30  INFO 43900 --- [hostelflow-backend] [  restartedMain] org.mongodb.driver.client                : MongoClient with metadata {"driver": {"name": "mongo-java-driver|sync|spring-boot", "version": "4.11.1"}, "os": {"type": "Darwin", "name": "Mac OS X", "architecture": "aarch64", "version": "26.3.1"}, "platform": "Java/Eclipse Adoptium/17.0.8+7"} created with settings MongoClientSettings{readPreference=primary, writeConcern=WriteConcern{w=null, wTimeout=null ms, journal=null}, retryWrites=true, retryReads=true, readConcern=ReadConcern{level=null}, credential=null, transportSettings=null, streamFactoryFactory=null, commandListeners=[], codecRegistry=ProvidersCodecRegistry{codecProviders=[ValueCodecProvider{}, BsonValueCodecProvider{}, DBRefCodecProvider{}, DBObjectCodecProvider{}, DocumentCodecProvider{}, CollectionCodecProvider{}, IterableCodecProvider{}, MapCodecProvider{}, GeoJsonCodecProvider{}, GridFSFileCodecProvider{}, Jsr310CodecProvider{}, JsonObjectCodecProvider{}, BsonCodecProvider{}, EnumCodecProvider{}, com.mongodb.client.model.mql.ExpressionCodecProvider@2c236125, com.mongodb.Jep395RecordCodecProvider@56a03711, com.mongodb.KotlinCodecProvider@2e3e1474]}, loggerSettings=LoggerSettings{maxDocumentLength=1000}, clusterSettings={hosts=[localhost:27017], srvServiceName=mongodb, mode=SINGLE, requiredClusterType=UNKNOWN, requiredReplicaSetName='null', serverSelector='null', clusterListeners='[]', serverSelectionTimeout='30000 ms', localThreshold='15 ms'}, socketSettings=SocketSettings{connectTimeoutMS=10000, readTimeoutMS=0, receiveBufferSize=0, proxySettings=ProxySettings{host=null, port=null, username=null, password=null}}, heartbeatSocketSettings=SocketSettings{connectTimeoutMS=10000, readTimeoutMS=10000, receiveBufferSize=0, proxySettings=ProxySettings{host=null, port=null, username=null, password=null}}, connectionPoolSettings=ConnectionPoolSettings{maxSize=100, minSize=0, maxWaitTimeMS=120000, maxConnectionLifeTimeMS=0, maxConnectionIdleTimeMS=0, maintenanceInitialDelayMS=0, maintenanceFrequencyMS=60000, connectionPoolListeners=[], maxConnecting=2}, serverSettings=ServerSettings{heartbeatFrequencyMS=10000, minHeartbeatFrequencyMS=500, serverListeners='[]', serverMonitorListeners='[]'}, sslSettings=SslSettings{enabled=false, invalidHostNameAllowed=false, context=null}, applicationName='null', compressorList=[], uuidRepresentation=JAVA_LEGACY, serverApi=null, autoEncryptionSettings=null, dnsClient=null, inetAddressResolver=null, contextProvider=null}
2026-04-01T23:43:32.415+05:30  INFO 43900 --- [hostelflow-backend] [localhost:27017] org.mongodb.driver.cluster               : Monitor thread successfully connected to server with description ServerDescription{address=localhost:27017, type=STANDALONE, state=CONNECTED, ok=true, minWireVersion=0, maxWireVersion=27, maxDocumentSize=16777216, logicalSessionTimeoutMinutes=30, roundTripTimeNanos=9355334}
2026-04-01T23:43:32.640+05:30 DEBUG 43900 --- [hostelflow-backend] [  restartedMain] c.h.s.filter.JwtAuthenticationFilter     : Filter 'jwtAuthenticationFilter' configured for use
2026-04-01T23:43:32.650+05:30  WARN 43900 --- [hostelflow-backend] [  restartedMain] o.s.b.d.a.OptionalLiveReloadServer       : Unable to start LiveReload server
2026-04-01T23:43:32.990+05:30  INFO 43900 --- [hostelflow-backend] [  restartedMain] o.s.s.web.DefaultSecurityFilterChain     : Will secure any request with [org.springframework.security.web.session.DisableEncodeUrlFilter@2a06213b, org.springframework.security.web.context.request.async.WebAsyncManagerIntegrationFilter@7cb15584, org.springframework.security.web.context.SecurityContextHolderFilter@b6f8ec8, org.springframework.security.web.header.HeaderWriterFilter@319a7264, org.springframework.web.filter.CorsFilter@4bc49948, org.springframework.security.web.authentication.logout.LogoutFilter@43a716e2, com.hostelflow.security.filter.JwtAuthenticationFilter@2179c9eb, org.springframework.security.web.savedrequest.RequestCacheAwareFilter@6ace6397, org.springframework.security.web.servletapi.SecurityContextHolderAwareRequestFilter@5a157b78, org.springframework.security.web.authentication.AnonymousAuthenticationFilter@335faf98, org.springframework.security.web.session.SessionManagementFilter@6c4d6c61, org.springframework.security.web.access.ExceptionTranslationFilter@3410f5a7, org.springframework.security.web.access.intercept.AuthorizationFilter@41a2e86f]
2026-04-01T23:43:33.168+05:30  WARN 43900 --- [hostelflow-backend] [  restartedMain] ConfigServletWebServerApplicationContext : Exception encountered during context initialization - cancelling refresh attempt: org.springframework.context.ApplicationContextException: Failed to start bean 'webServerStartStop'
2026-04-01T23:43:33.180+05:30  INFO 43900 --- [hostelflow-backend] [  restartedMain] .s.b.a.l.ConditionEvaluationReportLogger : 

Error starting ApplicationContext. To display the condition evaluation report re-run your application with 'debug' enabled.
2026-04-01T23:43:33.190+05:30 ERROR 43900 --- [hostelflow-backend] [  restartedMain] o.s.b.d.LoggingFailureAnalysisReporter   : 

***************************
APPLICATION FAILED TO START
***************************

Description:

Web server failed to start. Port 8080 was already in use.

Action:

Identify and stop the process that's listening on port 8080 or configure this application to listen on another port.

[INFO] ------------------------------------------------------------------------
[INFO] BUILD SUCCESS
[INFO] ------------------------------------------------------------------------
[INFO] Total time:  3.051 s
[INFO] Finished at: 2026-04-01T23:43:33+05:30
[INFO] ------------------------------------------------------------------------
