Requirement already satisfied: fastapi==0.109.0 in /Users/anshupranshu/miniforge3/lib/python3.12/site-packages (from -r requirements.txt (line 1)) (0.109.0)
Requirement already satisfied: uvicorn==0.27.0 in /Users/anshupranshu/miniforge3/lib/python3.12/site-packages (from uvicorn[standard]==0.27.0->-r requirements.txt (line 2)) (0.27.0)
Requirement already satisfied: scikit-learn==1.4.0 in /Users/anshupranshu/miniforge3/lib/python3.12/site-packages (from -r requirements.txt (line 3)) (1.4.0)
Requirement already satisfied: numpy==1.26.3 in /Users/anshupranshu/miniforge3/lib/python3.12/site-packages (from -r requirements.txt (line 4)) (1.26.3)
Requirement already satisfied: pydantic==2.5.3 in /Users/anshupranshu/miniforge3/lib/python3.12/site-packages (from -r requirements.txt (line 5)) (2.5.3)
Requirement already satisfied: python-multipart==0.0.6 in /Users/anshupranshu/miniforge3/lib/python3.12/site-packages (from -r requirements.txt (line 6)) (0.0.6)
Requirement already satisfied: starlette<0.36.0,>=0.35.0 in /Users/anshupranshu/miniforge3/lib/python3.12/site-packages (from fastapi==0.109.0->-r requirements.txt (line 1)) (0.35.1)
Requirement already satisfied: typing-extensions>=4.8.0 in /Users/anshupranshu/miniforge3/lib/python3.12/site-packages (from fastapi==0.109.0->-r requirements.txt (line 1)) (4.12.2)
Requirement already satisfied: click>=7.0 in /Users/anshupranshu/miniforge3/lib/python3.12/site-packages (from uvicorn==0.27.0->uvicorn[standard]==0.27.0->-r requirements.txt (line 2)) (8.1.8)
Requirement already satisfied: h11>=0.8 in /Users/anshupranshu/miniforge3/lib/python3.12/site-packages (from uvicorn==0.27.0->uvicorn[standard]==0.27.0->-r requirements.txt (line 2)) (0.16.0)
Requirement already satisfied: scipy>=1.6.0 in /Users/anshupranshu/miniforge3/lib/python3.12/site-packages (from scikit-learn==1.4.0->-r requirements.txt (line 3)) (1.16.3)
Requirement already satisfied: joblib>=1.2.0 in /Users/anshupranshu/miniforge3/lib/python3.12/site-packages (from scikit-learn==1.4.0->-r requirements.txt (line 3)) (1.4.2)
Requirement already satisfied: threadpoolctl>=2.0.0 in /Users/anshupranshu/miniforge3/lib/python3.12/site-packages (from scikit-learn==1.4.0->-r requirements.txt (line 3)) (3.6.0)
Requirement already satisfied: annotated-types>=0.4.0 in /Users/anshupranshu/miniforge3/lib/python3.12/site-packages (from pydantic==2.5.3->-r requirements.txt (line 5)) (0.7.0)
Requirement already satisfied: pydantic-core==2.14.6 in /Users/anshupranshu/miniforge3/lib/python3.12/site-packages (from pydantic==2.5.3->-r requirements.txt (line 5)) (2.14.6)
Requirement already satisfied: httptools>=0.5.0 in /Users/anshupranshu/miniforge3/lib/python3.12/site-packages (from uvicorn[standard]==0.27.0->-r requirements.txt (line 2)) (0.7.1)
Requirement already satisfied: python-dotenv>=0.13 in /Users/anshupranshu/miniforge3/lib/python3.12/site-packages (from uvicorn[standard]==0.27.0->-r requirements.txt (line 2)) (1.0.1)
Requirement already satisfied: pyyaml>=5.1 in /Users/anshupranshu/miniforge3/lib/python3.12/site-packages (from uvicorn[standard]==0.27.0->-r requirements.txt (line 2)) (6.0.3)
Requirement already satisfied: uvloop!=0.15.0,!=0.15.1,>=0.14.0 in /Users/anshupranshu/miniforge3/lib/python3.12/site-packages (from uvicorn[standard]==0.27.0->-r requirements.txt (line 2)) (0.22.1)
Requirement already satisfied: watchfiles>=0.13 in /Users/anshupranshu/miniforge3/lib/python3.12/site-packages (from uvicorn[standard]==0.27.0->-r requirements.txt (line 2)) (1.1.1)
Requirement already satisfied: websockets>=10.4 in /Users/anshupranshu/miniforge3/lib/python3.12/site-packages (from uvicorn[standard]==0.27.0->-r requirements.txt (line 2)) (16.0)
Requirement already satisfied: anyio<5,>=3.4.0 in /Users/anshupranshu/miniforge3/lib/python3.12/site-packages (from starlette<0.36.0,>=0.35.0->fastapi==0.109.0->-r requirements.txt (line 1)) (4.13.0)
Requirement already satisfied: idna>=2.8 in /Users/anshupranshu/miniforge3/lib/python3.12/site-packages (from anyio<5,>=3.4.0->starlette<0.36.0,>=0.35.0->fastapi==0.109.0->-r requirements.txt (line 1)) (3.10)

[notice] A new release of pip is available: 25.0.1 -> 26.0.1
[notice] To update, run: pip3.12 install --upgrade pip
