[INFO] Scanning for projects...
[INFO] 
[INFO] -----------------< com.hostelflow:hostelflow-backend >------------------
[INFO] Building HostelFlow AI Backend 1.0.0
[INFO]   from pom.xml
[INFO] --------------------------------[ jar ]---------------------------------
[INFO] 
[INFO] >>> spring-boot:3.2.0:run (default-cli) > test-compile @ hostelflow-backend >>>
[INFO] 
[INFO] --- resources:3.3.1:resources (default-resources) @ hostelflow-backend ---
[INFO] Copying 1 resource from src/main/resources to target/classes
[INFO] Copying 0 resource from src/main/resources to target/classes
[INFO] 
[INFO] --- compiler:3.11.0:compile (default-compile) @ hostelflow-backend ---
[INFO] Nothing to compile - all classes are up to date
[INFO] 
[INFO] --- resources:3.3.1:testResources (default-testResources) @ hostelflow-backend ---
[INFO] skip non existing resourceDirectory /Users/anshupranshu/Desktop/HostelFlow AI/backend/src/test/resources
[INFO] 
[INFO] --- compiler:3.11.0:testCompile (default-testCompile) @ hostelflow-backend ---
[INFO] No sources to compile
[INFO] 
[INFO] <<< spring-boot:3.2.0:run (default-cli) < test-compile @ hostelflow-backend <<<
[INFO] 
[INFO] 
[INFO] --- spring-boot:3.2.0:run (default-cli) @ hostelflow-backend ---
[INFO] Attaching agents: []

  .   ____          _            __ _ _
 /\\ / ___'_ __ _ _(_)_ __  __ _ \ \ \ \
( ( )\___ | '_ | '_| | '_ \/ _` | \ \ \ \
 \\/  ___)| |_)| | | | | || (_| |  ) ) ) )
  '  |____| .__|_| |_|_| |_\__, | / / / /
 =========|_|==============|___/=/_/_/_/
 :: Spring Boot ::                (v3.2.0)

2026-04-02T00:02:24.057+05:30  INFO 73430 --- [hostelflow-backend] [  restartedMain] com.hostelflow.HostelFlowApplication     : Starting HostelFlowApplication using Java 17.0.8 with PID 73430 (/Users/anshupranshu/Desktop/HostelFlow AI/backend/target/classes started by anshupranshu in /Users/anshupranshu/Desktop/HostelFlow AI/backend)
2026-04-02T00:02:24.058+05:30 DEBUG 73430 --- [hostelflow-backend] [  restartedMain] com.hostelflow.HostelFlowApplication     : Running with Spring Boot v3.2.0, Spring v6.1.1
2026-04-02T00:02:24.059+05:30  INFO 73430 --- [hostelflow-backend] [  restartedMain] com.hostelflow.HostelFlowApplication     : No active profile set, falling back to 1 default profile: "default"
2026-04-02T00:02:24.085+05:30  INFO 73430 --- [hostelflow-backend] [  restartedMain] .e.DevToolsPropertyDefaultsPostProcessor : Devtools property defaults active! Set 'spring.devtools.add-properties' to 'false' to disable
2026-04-02T00:02:24.085+05:30  INFO 73430 --- [hostelflow-backend] [  restartedMain] .e.DevToolsPropertyDefaultsPostProcessor : For additional web related logging consider setting the 'logging.level.web' property to 'DEBUG'
2026-04-02T00:02:24.418+05:30  INFO 73430 --- [hostelflow-backend] [  restartedMain] .s.d.r.c.RepositoryConfigurationDelegate : Bootstrapping Spring Data MongoDB repositories in DEFAULT mode.
2026-04-02T00:02:24.492+05:30  INFO 73430 --- [hostelflow-backend] [  restartedMain] .s.d.r.c.RepositoryConfigurationDelegate : Finished Spring Data repository scanning in 72 ms. Found 3 MongoDB repository interfaces.
2026-04-02T00:02:24.779+05:30  INFO 73430 --- [hostelflow-backend] [  restartedMain] o.s.b.w.embedded.tomcat.TomcatWebServer  : Tomcat initialized with port 8080 (http)
2026-04-02T00:02:24.784+05:30  INFO 73430 --- [hostelflow-backend] [  restartedMain] o.apache.catalina.core.StandardService   : Starting service [Tomcat]
2026-04-02T00:02:24.785+05:30  INFO 73430 --- [hostelflow-backend] [  restartedMain] o.apache.catalina.core.StandardEngine    : Starting Servlet engine: [Apache Tomcat/10.1.16]
2026-04-02T00:02:24.807+05:30  INFO 73430 --- [hostelflow-backend] [  restartedMain] o.a.c.c.C.[Tomcat].[localhost].[/]       : Initializing Spring embedded WebApplicationContext
2026-04-02T00:02:24.808+05:30  INFO 73430 --- [hostelflow-backend] [  restartedMain] w.s.c.ServletWebServerApplicationContext : Root WebApplicationContext: initialization completed in 722 ms
2026-04-02T00:02:24.883+05:30  INFO 73430 --- [hostelflow-backend] [  restartedMain] org.mongodb.driver.client                : MongoClient with metadata {"driver": {"name": "mongo-java-driver|sync|spring-boot", "version": "4.11.1"}, "os": {"type": "Darwin", "name": "Mac OS X", "architecture": "aarch64", "version": "26.3.1"}, "platform": "Java/Eclipse Adoptium/17.0.8+7"} created with settings MongoClientSettings{readPreference=primary, writeConcern=WriteConcern{w=null, wTimeout=null ms, journal=null}, retryWrites=true, retryReads=true, readConcern=ReadConcern{level=null}, credential=null, transportSettings=null, streamFactoryFactory=null, commandListeners=[], codecRegistry=ProvidersCodecRegistry{codecProviders=[ValueCodecProvider{}, BsonValueCodecProvider{}, DBRefCodecProvider{}, DBObjectCodecProvider{}, DocumentCodecProvider{}, CollectionCodecProvider{}, IterableCodecProvider{}, MapCodecProvider{}, GeoJsonCodecProvider{}, GridFSFileCodecProvider{}, Jsr310CodecProvider{}, JsonObjectCodecProvider{}, BsonCodecProvider{}, EnumCodecProvider{}, com.mongodb.client.model.mql.ExpressionCodecProvider@428c81f7, com.mongodb.Jep395RecordCodecProvider@2b0999aa, com.mongodb.KotlinCodecProvider@377c0bdf]}, loggerSettings=LoggerSettings{maxDocumentLength=1000}, clusterSettings={hosts=[localhost:27017], srvServiceName=mongodb, mode=SINGLE, requiredClusterType=UNKNOWN, requiredReplicaSetName='null', serverSelector='null', clusterListeners='[]', serverSelectionTimeout='30000 ms', localThreshold='15 ms'}, socketSettings=SocketSettings{connectTimeoutMS=10000, readTimeoutMS=0, receiveBufferSize=0, proxySettings=ProxySettings{host=null, port=null, username=null, password=null}}, heartbeatSocketSettings=SocketSettings{connectTimeoutMS=10000, readTimeoutMS=10000, receiveBufferSize=0, proxySettings=ProxySettings{host=null, port=null, username=null, password=null}}, connectionPoolSettings=ConnectionPoolSettings{maxSize=100, minSize=0, maxWaitTimeMS=120000, maxConnectionLifeTimeMS=0, maxConnectionIdleTimeMS=0, maintenanceInitialDelayMS=0, maintenanceFrequencyMS=60000, connectionPoolListeners=[], maxConnecting=2}, serverSettings=ServerSettings{heartbeatFrequencyMS=10000, minHeartbeatFrequencyMS=500, serverListeners='[]', serverMonitorListeners='[]'}, sslSettings=SslSettings{enabled=false, invalidHostNameAllowed=false, context=null}, applicationName='null', compressorList=[], uuidRepresentation=JAVA_LEGACY, serverApi=null, autoEncryptionSettings=null, dnsClient=null, inetAddressResolver=null, contextProvider=null}
2026-04-02T00:02:24.901+05:30  INFO 73430 --- [hostelflow-backend] [localhost:27017] org.mongodb.driver.cluster               : Monitor thread successfully connected to server with description ServerDescription{address=localhost:27017, type=STANDALONE, state=CONNECTED, ok=true, minWireVersion=0, maxWireVersion=27, maxDocumentSize=16777216, logicalSessionTimeoutMinutes=30, roundTripTimeNanos=9196417}
2026-04-02T00:02:25.117+05:30 DEBUG 73430 --- [hostelflow-backend] [  restartedMain] c.h.s.filter.JwtAuthenticationFilter     : Filter 'jwtAuthenticationFilter' configured for use
2026-04-02T00:02:25.126+05:30  INFO 73430 --- [hostelflow-backend] [  restartedMain] o.s.b.d.a.OptionalLiveReloadServer       : LiveReload server is running on port 35729
2026-04-02T00:02:25.449+05:30  INFO 73430 --- [hostelflow-backend] [  restartedMain] o.s.s.web.DefaultSecurityFilterChain     : Will secure any request with [org.springframework.security.web.session.DisableEncodeUrlFilter@b8d47c3, org.springframework.security.web.context.request.async.WebAsyncManagerIntegrationFilter@4041ead8, org.springframework.security.web.context.SecurityContextHolderFilter@400c2946, org.springframework.security.web.header.HeaderWriterFilter@306f58df, org.springframework.web.filter.CorsFilter@742faf90, org.springframework.security.web.authentication.logout.LogoutFilter@c051ab4, com.hostelflow.security.filter.JwtAuthenticationFilter@44499f09, org.springframework.security.web.savedrequest.RequestCacheAwareFilter@df4f401, org.springframework.security.web.servletapi.SecurityContextHolderAwareRequestFilter@721644a7, org.springframework.security.web.authentication.AnonymousAuthenticationFilter@28f63888, org.springframework.security.web.session.SessionManagementFilter@44aece16, org.springframework.security.web.access.ExceptionTranslationFilter@44e39fe9, org.springframework.security.web.access.intercept.AuthorizationFilter@619a3c1]
2026-04-02T00:02:25.613+05:30  INFO 73430 --- [hostelflow-backend] [  restartedMain] o.s.b.w.embedded.tomcat.TomcatWebServer  : Tomcat started on port 8080 (http) with context path ''
2026-04-02T00:02:25.620+05:30  INFO 73430 --- [hostelflow-backend] [  restartedMain] com.hostelflow.HostelFlowApplication     : Started HostelFlowApplication in 1.739 seconds (process running for 1.973)
